<?xml version="1.0" encoding="UTF-8"?>
<!-- Generated by org.testng.reporters.JUnitXMLReporter -->
<testsuite hostname="C02PJ1ZGG3QN" name="allTestCases" tests="7" failures="0" timestamp="30 Jul 2018 18:24:56 GMT" time="0.316" errors="0">
  <testcase name="testGetLongestWordAndLength" time="0.297" classname="com.longestWordFinder.LongestWordFinderTest"/>
  <testcase name="testGetLongestWordAndLength" time="0.0" classname="com.longestWordFinder.LongestWordFinderTest"/>
  <testcase name="testGetLongestWordAndLength" time="0.0" classname="com.longestWordFinder.LongestWordFinderTest"/>
  <testcase name="testGetLongestWordAndLength" time="0.0" classname="com.longestWordFinder.LongestWordFinderTest"/>
  <testcase name="testGetLongestWordAndLength" time="0.0" classname="com.longestWordFinder.LongestWordFinderTest"/>
  <testcase name="testGetLongestWordAndLength" time="0.0" classname="com.longestWordFinder.LongestWordFinderTest"/>
  <testcase name="testGetLongestWordAndLength" time="0.0" classname="com.longestWordFinder.LongestWordFinderTest"/>
</testsuite> <!-- allTestCases -->
