<?xml version="1.0" encoding="UTF-8"?>
<!-- Generated by org.testng.reporters.JUnitXMLReporter -->
<testsuite hostname="C02PJ1ZGG3QN" name="LongestWordFinderTest" tests="7" failures="0" timestamp="30 Jul 2018 18:27:52 GMT" time="0.308" errors="0">
  <testcase name="testGetLongestWordAndLength" time="0.288" classname="com.longestWordFinder.LongestWordFinderTest"/>
  <testcase name="testGetLongestWordAndLength" time="0.0" classname="com.longestWordFinder.LongestWordFinderTest"/>
  <testcase name="testGetLongestWordAndLength" time="0.0" classname="com.longestWordFinder.LongestWordFinderTest"/>
  <testcase name="testGetLongestWordAndLength" time="0.001" classname="com.longestWordFinder.LongestWordFinderTest"/>
  <testcase name="testGetLongestWordAndLength" time="0.0" classname="com.longestWordFinder.LongestWordFinderTest"/>
  <testcase name="testGetLongestWordAndLength" time="0.0" classname="com.longestWordFinder.LongestWordFinderTest"/>
  <testcase name="testGetLongestWordAndLength" time="0.0" classname="com.longestWordFinder.LongestWordFinderTest"/>
</testsuite> <!-- LongestWordFinderTest -->
