<?xml version="1.0" encoding="UTF-8"?>
<testng-results skipped="0" failed="0" total="10" passed="10">
  <reporter-output>
  </reporter-output>
    <suite name="LongestWordFinderTestSuite" duration-ms="398" started-at="2018-08-03T00:07:21Z"
           finished-at="2018-08-03T00:07:21Z">
    <groups>
    </groups>
        <test name="LongestWordFinderTest" duration-ms="398" started-at="2018-08-03T00:07:21Z"
              finished-at="2018-08-03T00:07:21Z">
      <class name="com.longestWordFinder.LongestWordFinderTest">
          <test-method status="PASS"
                       signature="testGetLongestWordAndLength(java.lang.String, java.lang.String)[pri:0, instance:com.longestWordFinder.LongestWordFinderTest@3b764bce]"
                       name="testGetLongestWordAndLength" duration-ms="378" started-at="2018-08-02T19:07:21Z"
                       data-provider="testCases" finished-at="2018-08-02T19:07:21Z">
          <params>
            <param index="0">
              <value>
                <![CDATA[The quick brown fox jumped in the river]]>
              </value>
            </param>
            <param index="1">
              <value>
                <![CDATA[Longest Word - jumped : Length - 6]]>
              </value>
            </param>
          </params>
          <reporter-output>
          </reporter-output>
        </test-method> <!-- testGetLongestWordAndLength -->
          <test-method status="PASS"
                       signature="testGetLongestWordAndLength(java.lang.String, java.lang.String)[pri:0, instance:com.longestWordFinder.LongestWordFinderTest@3b764bce]"
                       name="testGetLongestWordAndLength" duration-ms="1" started-at="2018-08-02T19:07:21Z"
                       data-provider="testCases" finished-at="2018-08-02T19:07:21Z">
          <params>
            <param index="0">
              <value>
                  <![CDATA[The bear, cat and rat jump in the river]]>
              </value>
            </param>
            <param index="1">
              <value>
                <![CDATA[Longest Word - river : Length - 5]]>
              </value>
            </param>
          </params>
          <reporter-output>
          </reporter-output>
        </test-method> <!-- testGetLongestWordAndLength -->
          <test-method status="PASS"
                       signature="testGetLongestWordAndLength(java.lang.String, java.lang.String)[pri:0, instance:com.longestWordFinder.LongestWordFinderTest@3b764bce]"
                       name="testGetLongestWordAndLength" duration-ms="0" started-at="2018-08-02T19:07:21Z"
                       data-provider="testCases" finished-at="2018-08-02T19:07:21Z">
          <params>
            <param index="0">
              <value>
                  <![CDATA[Did the fox jump in the river?]]>
              </value>
            </param>
            <param index="1">
              <value>
                <![CDATA[Longest Word - river : Length - 5]]>
              </value>
            </param>
          </params>
          <reporter-output>
          </reporter-output>
        </test-method> <!-- testGetLongestWordAndLength -->
          <test-method status="PASS"
                       signature="testGetLongestWordAndLength(java.lang.String, java.lang.String)[pri:0, instance:com.longestWordFinder.LongestWordFinderTest@3b764bce]"
                       name="testGetLongestWordAndLength" duration-ms="0" started-at="2018-08-02T19:07:21Z"
                       data-provider="testCases" finished-at="2018-08-02T19:07:21Z">
          <params>
            <param index="0">
              <value>
                  <![CDATA[The frog and rat jump in the pond]]>
              </value>
            </param>
            <param index="1">
              <value>
                  <![CDATA[Longest Word - frog, jump, pond : Length - 4]]>
              </value>
            </param>
          </params>
          <reporter-output>
          </reporter-output>
        </test-method> <!-- testGetLongestWordAndLength -->
          <test-method status="PASS"
                       signature="testGetLongestWordAndLength(java.lang.String, java.lang.String)[pri:0, instance:com.longestWordFinder.LongestWordFinderTest@3b764bce]"
                       name="testGetLongestWordAndLength" duration-ms="0" started-at="2018-08-02T19:07:21Z"
                       data-provider="testCases" finished-at="2018-08-02T19:07:21Z">
          <params>
            <param index="0">
              <value>
                  <![CDATA[ Good Day ]]>
              </value>
            </param>
            <param index="1">
              <value>
                  <![CDATA[Longest Word - Good : Length - 4]]>
              </value>
            </param>
          </params>
          <reporter-output>
          </reporter-output>
        </test-method> <!-- testGetLongestWordAndLength -->
          <test-method status="PASS"
                       signature="testGetLongestWordAndLength(java.lang.String, java.lang.String)[pri:0, instance:com.longestWordFinder.LongestWordFinderTest@3b764bce]"
                       name="testGetLongestWordAndLength" duration-ms="0" started-at="2018-08-02T19:07:21Z"
                       data-provider="testCases" finished-at="2018-08-02T19:07:21Z">
          <params>
            <param index="0">
              <value>
                  <![CDATA[The fox jump123 in the river]]>
              </value>
            </param>
            <param index="1">
              <value>
                  <![CDATA[Longest Word - river : Length - 5]]>
              </value>
            </param>
          </params>
          <reporter-output>
          </reporter-output>
        </test-method> <!-- testGetLongestWordAndLength -->
          <test-method status="PASS"
                       signature="testGetLongestWordAndLength(java.lang.String, java.lang.String)[pri:0, instance:com.longestWordFinder.LongestWordFinderTest@3b764bce]"
                       name="testGetLongestWordAndLength" duration-ms="1" started-at="2018-08-02T19:07:21Z"
                       data-provider="testCases" finished-at="2018-08-02T19:07:21Z">
          <params>
            <param index="0">
              <value>
                  <![CDATA[Hello]]>
              </value>
            </param>
            <param index="1">
              <value>
                  <![CDATA[Longest Word - Hello : Length - 5]]>
              </value>
            </param>
          </params>
              <reporter-output>
              </reporter-output>
          </test-method> <!-- testGetLongestWordAndLength -->
          <test-method status="PASS"
                       signature="testGetLongestWordAndLength(java.lang.String, java.lang.String)[pri:0, instance:com.longestWordFinder.LongestWordFinderTest@3b764bce]"
                       name="testGetLongestWordAndLength" duration-ms="0" started-at="2018-08-02T19:07:21Z"
                       data-provider="testCases" finished-at="2018-08-02T19:07:21Z">
              <params>
                  <param index="0">
                      <value>
                          <![CDATA[]]>
                      </value>
                  </param>
                  <param index="1">
                      <value>
                          <![CDATA[Empty Input String]]>
                      </value>
                  </param>
              </params>
              <reporter-output>
              </reporter-output>
          </test-method> <!-- testGetLongestWordAndLength -->
          <test-method status="PASS"
                       signature="testGetLongestWordAndLength(java.lang.String, java.lang.String)[pri:0, instance:com.longestWordFinder.LongestWordFinderTest@3b764bce]"
                       name="testGetLongestWordAndLength" duration-ms="0" started-at="2018-08-02T19:07:21Z"
                       data-provider="testCases" finished-at="2018-08-02T19:07:21Z">
              <params>
                  <param index="0">
                      <value>
                          <![CDATA[!!*&@#]]>
                      </value>
                  </param>
                  <param index="1">
                      <value>
                          <![CDATA[Invalid Input]]>
                      </value>
                  </param>
              </params>
              <reporter-output>
              </reporter-output>
          </test-method> <!-- testGetLongestWordAndLength -->
          <test-method status="PASS"
                       signature="testGetLongestWordAndLength(java.lang.String, java.lang.String)[pri:0, instance:com.longestWordFinder.LongestWordFinderTest@3b764bce]"
                       name="testGetLongestWordAndLength" duration-ms="0" started-at="2018-08-02T19:07:21Z"
                       data-provider="testCases" finished-at="2018-08-02T19:07:21Z">
              <params>
                  <param index="0">
                      <value>
                          <![CDATA[P]]>
                      </value>
                  </param>
                  <param index="1">
                      <value>
                          <![CDATA[Longest Word - P : Length - 1]]>
                      </value>
                  </param>
              </params>
              <reporter-output>
              </reporter-output>
          </test-method> <!-- testGetLongestWordAndLength -->
      </class> <!-- com.longestWordFinder.LongestWordFinderTest -->
    </test> <!-- LongestWordFinderTest -->
  </suite> <!-- LongestWordFinderTestSuite -->
</testng-results>
